=============================================
Pre-training Dataset: SleepEEG
Target (fine-tuning) Dataset: Epilepsy
Method:  TF-C
Mode:    pre_train
=============================================
Data loaded ...
Training started ....

Pre-training Epoch : 1
Train Loss     : 16.9074	 | 	Train Accuracy     : 0.4038	 | 	Train AUC : 0.5085


Pre-training Epoch : 2
Train Loss     : 15.8558	 | 	Train Accuracy     : 0.4927	 | 	Train AUC : 0.5098


Pre-training Epoch : 3
Train Loss     : 14.5377	 | 	Train Accuracy     : 0.4927	 | 	Train AUC : 0.4947


Pre-training Epoch : 4
Train Loss     : 13.4883	 | 	Train Accuracy     : 0.4927	 | 	Train AUC : 0.4976


Pre-training Epoch : 5
Train Loss     : 12.7615	 | 	Train Accuracy     : 0.4927	 | 	Train AUC : 0.5129


Pre-training Epoch : 6
Train Loss     : 12.0146	 | 	Train Accuracy     : 0.4927	 | 	Train AUC : 0.5204


Pre-training Epoch : 7
Train Loss     : 11.7686	 | 	Train Accuracy     : 0.4927	 | 	Train AUC : 0.5334


Pre-training Epoch : 8
Train Loss     : 11.5737	 | 	Train Accuracy     : 0.4927	 | 	Train AUC : 0.5381


Pre-training Epoch : 9
Train Loss     : 11.4281	 | 	Train Accuracy     : 0.4927	 | 	Train AUC : 0.5394


Pre-training Epoch : 10
Train Loss     : 11.1628	 | 	Train Accuracy     : 0.4927	 | 	Train AUC : 0.5400


Pre-training Epoch : 11
Train Loss     : 10.9701	 | 	Train Accuracy     : 0.4927	 | 	Train AUC : 0.5523


Pre-training Epoch : 12
Train Loss     : 10.7583	 | 	Train Accuracy     : 0.4927	 | 	Train AUC : 0.5528


Pre-training Epoch : 13
Train Loss     : 10.3303	 | 	Train Accuracy     : 0.4927	 | 	Train AUC : 0.5595


Pre-training Epoch : 14
Train Loss     : 10.1936	 | 	Train Accuracy     : 0.4927	 | 	Train AUC : 0.5601


Pre-training Epoch : 15
Train Loss     : 9.9367	 | 	Train Accuracy     : 0.4927	 | 	Train AUC : 0.5664


Pre-training Epoch : 16
Train Loss     : 10.0885	 | 	Train Accuracy     : 0.4927	 | 	Train AUC : 0.5707


Pre-training Epoch : 17
Train Loss     : 9.9107	 | 	Train Accuracy     : 0.4927	 | 	Train AUC : 0.5729


Pre-training Epoch : 18
Train Loss     : 9.7585	 | 	Train Accuracy     : 0.4927	 | 	Train AUC : 0.5755


Pre-training Epoch : 19
Train Loss     : 9.5818	 | 	Train Accuracy     : 0.4927	 | 	Train AUC : 0.5763


Pre-training Epoch : 20
Train Loss     : 9.4243	 | 	Train Accuracy     : 0.4927	 | 	Train AUC : 0.5809


Pre-training Epoch : 21
Train Loss     : 9.4702	 | 	Train Accuracy     : 0.4927	 | 	Train AUC : 0.5797


Pre-training Epoch : 22
Train Loss     : 9.3923	 | 	Train Accuracy     : 0.4927	 | 	Train AUC : 0.5881


Pre-training Epoch : 23
Train Loss     : 9.2792	 | 	Train Accuracy     : 0.4927	 | 	Train AUC : 0.5835


Pre-training Epoch : 24
Train Loss     : 9.4616	 | 	Train Accuracy     : 0.4930	 | 	Train AUC : 0.5893


Pre-training Epoch : 25
Train Loss     : 9.0069	 | 	Train Accuracy     : 0.4927	 | 	Train AUC : 0.5939


Pre-training Epoch : 26
Train Loss     : 8.9500	 | 	Train Accuracy     : 0.4929	 | 	Train AUC : 0.5957


Pre-training Epoch : 27
Train Loss     : 9.0155	 | 	Train Accuracy     : 0.4937	 | 	Train AUC : 0.6039


Pre-training Epoch : 28
Train Loss     : 8.9266	 | 	Train Accuracy     : 0.4948	 | 	Train AUC : 0.6081


Pre-training Epoch : 29
Train Loss     : 9.0060	 | 	Train Accuracy     : 0.4950	 | 	Train AUC : 0.6109


Pre-training Epoch : 30
Train Loss     : 8.7399	 | 	Train Accuracy     : 0.4989	 | 	Train AUC : 0.6169


Pre-training Epoch : 31
Train Loss     : 8.6572	 | 	Train Accuracy     : 0.5020	 | 	Train AUC : 0.6207


Pre-training Epoch : 32
Train Loss     : 8.6743	 | 	Train Accuracy     : 0.5076	 | 	Train AUC : 0.6255


Pre-training Epoch : 33
Train Loss     : 8.5986	 | 	Train Accuracy     : 0.5054	 | 	Train AUC : 0.6300


Pre-training Epoch : 34
Train Loss     : 8.5577	 | 	Train Accuracy     : 0.5100	 | 	Train AUC : 0.6337


Pre-training Epoch : 35
Train Loss     : 8.5941	 | 	Train Accuracy     : 0.5175	 | 	Train AUC : 0.6364


Pre-training Epoch : 36
Train Loss     : 8.5105	 | 	Train Accuracy     : 0.5117	 | 	Train AUC : 0.6383


Pre-training Epoch : 37
Train Loss     : 8.4886	 | 	Train Accuracy     : 0.5100	 | 	Train AUC : 0.6470


Pre-training Epoch : 38
Train Loss     : 8.3478	 | 	Train Accuracy     : 0.5185	 | 	Train AUC : 0.6459


Pre-training Epoch : 39
Train Loss     : 8.3767	 | 	Train Accuracy     : 0.5217	 | 	Train AUC : 0.6504


Pre-training Epoch : 40
Train Loss     : 8.3753	 | 	Train Accuracy     : 0.5155	 | 	Train AUC : 0.6456


Pre-training Epoch : 41
Train Loss     : 8.3060	 | 	Train Accuracy     : 0.5130	 | 	Train AUC : 0.6595


Pre-training Epoch : 42
Train Loss     : 8.2175	 | 	Train Accuracy     : 0.5264	 | 	Train AUC : 0.6602


Pre-training Epoch : 43
Train Loss     : 8.2251	 | 	Train Accuracy     : 0.5196	 | 	Train AUC : 0.6541


Pre-training Epoch : 44
Train Loss     : 8.1063	 | 	Train Accuracy     : 0.5191	 | 	Train AUC : 0.6612


Pre-training Epoch : 45
Train Loss     : 8.0699	 | 	Train Accuracy     : 0.5174	 | 	Train AUC : 0.6660


Pre-training Epoch : 46
Train Loss     : 8.1122	 | 	Train Accuracy     : 0.5225	 | 	Train AUC : 0.6648


Pre-training Epoch : 47
Train Loss     : 8.0710	 | 	Train Accuracy     : 0.5210	 | 	Train AUC : 0.6666


Pre-training Epoch : 48
Train Loss     : 8.0167	 | 	Train Accuracy     : 0.5230	 | 	Train AUC : 0.6640


Pre-training Epoch : 49
Train Loss     : 8.0535	 | 	Train Accuracy     : 0.5211	 | 	Train AUC : 0.6691


Pre-training Epoch : 50
Train Loss     : 8.0051	 | 	Train Accuracy     : 0.5266	 | 	Train AUC : 0.6728


Pre-training Epoch : 51
Train Loss     : 7.9926	 | 	Train Accuracy     : 0.5280	 | 	Train AUC : 0.6696


Pre-training Epoch : 52
Train Loss     : 7.9956	 | 	Train Accuracy     : 0.5201	 | 	Train AUC : 0.6631


Pre-training Epoch : 53
Train Loss     : 8.0064	 | 	Train Accuracy     : 0.5191	 | 	Train AUC : 0.6761


Pre-training Epoch : 54
Train Loss     : 7.9430	 | 	Train Accuracy     : 0.5307	 | 	Train AUC : 0.6820


Pre-training Epoch : 55
Train Loss     : 7.9443	 | 	Train Accuracy     : 0.5150	 | 	Train AUC : 0.6721


Pre-training Epoch : 56
Train Loss     : 7.9095	 | 	Train Accuracy     : 0.5284	 | 	Train AUC : 0.6826


Pre-training Epoch : 57
Train Loss     : 7.8497	 | 	Train Accuracy     : 0.5236	 | 	Train AUC : 0.6810


Pre-training Epoch : 58
Train Loss     : 7.8304	 | 	Train Accuracy     : 0.5296	 | 	Train AUC : 0.6809


Pre-training Epoch : 59
Train Loss     : 7.8936	 | 	Train Accuracy     : 0.5244	 | 	Train AUC : 0.6880


Pre-training Epoch : 60
Train Loss     : 7.8911	 | 	Train Accuracy     : 0.5187	 | 	Train AUC : 0.6802


Pre-training Epoch : 61
Train Loss     : 7.9890	 | 	Train Accuracy     : 0.5273	 | 	Train AUC : 0.6801


Pre-training Epoch : 62
Train Loss     : 8.0235	 | 	Train Accuracy     : 0.4728	 | 	Train AUC : 0.6885


Pre-training Epoch : 63
Train Loss     : 8.0386	 | 	Train Accuracy     : 0.5270	 | 	Train AUC : 0.6856


Pre-training Epoch : 64
Train Loss     : 8.3000	 | 	Train Accuracy     : 0.5102	 | 	Train AUC : 0.6775


Pre-training Epoch : 65
Train Loss     : 8.1551	 | 	Train Accuracy     : 0.5206	 | 	Train AUC : 0.6949


Pre-training Epoch : 66
Train Loss     : 8.1593	 | 	Train Accuracy     : 0.5314	 | 	Train AUC : 0.6867


Pre-training Epoch : 67
Train Loss     : 7.9416	 | 	Train Accuracy     : 0.5348	 | 	Train AUC : 0.6866


Pre-training Epoch : 68
Train Loss     : 7.8441	 | 	Train Accuracy     : 0.5305	 | 	Train AUC : 0.6974


Pre-training Epoch : 69
Train Loss     : 7.8636	 | 	Train Accuracy     : 0.5205	 | 	Train AUC : 0.6936


Pre-training Epoch : 70
Train Loss     : 7.7112	 | 	Train Accuracy     : 0.5356	 | 	Train AUC : 0.6912


Pre-training Epoch : 71
Train Loss     : 7.6332	 | 	Train Accuracy     : 0.5404	 | 	Train AUC : 0.6931


Pre-training Epoch : 72
Train Loss     : 7.5613	 | 	Train Accuracy     : 0.5413	 | 	Train AUC : 0.6972


Pre-training Epoch : 73
Train Loss     : 7.5282	 | 	Train Accuracy     : 0.5378	 | 	Train AUC : 0.6962


Pre-training Epoch : 74
Train Loss     : 7.4921	 | 	Train Accuracy     : 0.5398	 | 	Train AUC : 0.6988


Pre-training Epoch : 75
Train Loss     : 7.4682	 | 	Train Accuracy     : 0.5384	 | 	Train AUC : 0.6992


Pre-training Epoch : 76
Train Loss     : 7.4494	 | 	Train Accuracy     : 0.5396	 | 	Train AUC : 0.7004


Pre-training Epoch : 77
Train Loss     : 7.4761	 | 	Train Accuracy     : 0.5427	 | 	Train AUC : 0.7016


Pre-training Epoch : 78
Train Loss     : 7.4410	 | 	Train Accuracy     : 0.5409	 | 	Train AUC : 0.7029


Pre-training Epoch : 79
Train Loss     : 7.4425	 | 	Train Accuracy     : 0.5404	 | 	Train AUC : 0.7039


Pre-training Epoch : 80
Train Loss     : 7.4376	 | 	Train Accuracy     : 0.5415	 | 	Train AUC : 0.7056


Pre-training Epoch : 81
Train Loss     : 7.4485	 | 	Train Accuracy     : 0.5432	 | 	Train AUC : 0.7063


Pre-training Epoch : 82
Train Loss     : 7.4262	 | 	Train Accuracy     : 0.5443	 | 	Train AUC : 0.7069


Pre-training Epoch : 83
Train Loss     : 7.4378	 | 	Train Accuracy     : 0.5436	 | 	Train AUC : 0.7065


Pre-training Epoch : 84
Train Loss     : 7.4156	 | 	Train Accuracy     : 0.5414	 | 	Train AUC : 0.7079


Pre-training Epoch : 85
Train Loss     : 7.4128	 | 	Train Accuracy     : 0.5432	 | 	Train AUC : 0.7080


Pre-training Epoch : 86
Train Loss     : 7.4272	 | 	Train Accuracy     : 0.5447	 | 	Train AUC : 0.7108


Pre-training Epoch : 87
Train Loss     : 7.4173	 | 	Train Accuracy     : 0.5461	 | 	Train AUC : 0.7112


Pre-training Epoch : 88
Train Loss     : 7.4351	 | 	Train Accuracy     : 0.5452	 | 	Train AUC : 0.7129


Pre-training Epoch : 89
Train Loss     : 7.4089	 | 	Train Accuracy     : 0.5455	 | 	Train AUC : 0.7119


Pre-training Epoch : 90
Train Loss     : 7.4058	 | 	Train Accuracy     : 0.5482	 | 	Train AUC : 0.7139


Pre-training Epoch : 91
Train Loss     : 7.4041	 | 	Train Accuracy     : 0.5451	 | 	Train AUC : 0.7129


Pre-training Epoch : 92
Train Loss     : 7.3924	 | 	Train Accuracy     : 0.5494	 | 	Train AUC : 0.7151


Pre-training Epoch : 93
Train Loss     : 7.4122	 | 	Train Accuracy     : 0.5469	 | 	Train AUC : 0.7174


Pre-training Epoch : 94
Train Loss     : 7.3827	 | 	Train Accuracy     : 0.5513	 | 	Train AUC : 0.7157


Pre-training Epoch : 95
Train Loss     : 7.3962	 | 	Train Accuracy     : 0.5460	 | 	Train AUC : 0.7168


Pre-training Epoch : 96
Train Loss     : 7.3812	 | 	Train Accuracy     : 0.5449	 | 	Train AUC : 0.7177


Pre-training Epoch : 97
Train Loss     : 7.3803	 | 	Train Accuracy     : 0.5461	 | 	Train AUC : 0.7194


Pre-training Epoch : 98
Train Loss     : 7.3805	 | 	Train Accuracy     : 0.5468	 | 	Train AUC : 0.7197


Pre-training Epoch : 99
Train Loss     : 7.3820	 | 	Train Accuracy     : 0.5489	 | 	Train AUC : 0.7213


Pre-training Epoch : 100
Train Loss     : 7.3727	 | 	Train Accuracy     : 0.5501	 | 	Train AUC : 0.7211


################## Training is Done! #########################
Training time is : 0:00:56.218680
