=============================================
Pre-training Dataset: SleepEEG
Target (fine-tuning) Dataset: Epilepsy
Method:  TF-C
Mode:    pre_train
=============================================
Data loaded ...
Training started ....

Pre-training Epoch : 1
Train Loss     : 17.3452	 | 	Train Accuracy     : 0.3935	 | 	Train AUC : 0.4998


Pre-training Epoch : 2
Train Loss     : 16.4087	 | 	Train Accuracy     : 0.4927	 | 	Train AUC : 0.5074


Pre-training Epoch : 3
Train Loss     : 15.1463	 | 	Train Accuracy     : 0.4927	 | 	Train AUC : 0.5043


Pre-training Epoch : 4
Train Loss     : 14.1830	 | 	Train Accuracy     : 0.4927	 | 	Train AUC : 0.5048


Pre-training Epoch : 5
Train Loss     : 13.5239	 | 	Train Accuracy     : 0.4927	 | 	Train AUC : 0.5111


Pre-training Epoch : 6
Train Loss     : 12.7825	 | 	Train Accuracy     : 0.4927	 | 	Train AUC : 0.5178


Pre-training Epoch : 7
Train Loss     : 12.6496	 | 	Train Accuracy     : 0.4927	 | 	Train AUC : 0.5308


Pre-training Epoch : 8
Train Loss     : 12.4755	 | 	Train Accuracy     : 0.4927	 | 	Train AUC : 0.5325


Pre-training Epoch : 9
Train Loss     : 12.0393	 | 	Train Accuracy     : 0.4927	 | 	Train AUC : 0.5382


Pre-training Epoch : 10
Train Loss     : 11.6946	 | 	Train Accuracy     : 0.4927	 | 	Train AUC : 0.5401


Pre-training Epoch : 11
Train Loss     : 11.4149	 | 	Train Accuracy     : 0.4927	 | 	Train AUC : 0.5420


Pre-training Epoch : 12
Train Loss     : 11.2545	 | 	Train Accuracy     : 0.4927	 | 	Train AUC : 0.5509


Pre-training Epoch : 13
Train Loss     : 10.8255	 | 	Train Accuracy     : 0.4927	 | 	Train AUC : 0.5551


Pre-training Epoch : 14
Train Loss     : 10.6622	 | 	Train Accuracy     : 0.4927	 | 	Train AUC : 0.5548


Pre-training Epoch : 15
Train Loss     : 10.5090	 | 	Train Accuracy     : 0.4927	 | 	Train AUC : 0.5624


Pre-training Epoch : 16
Train Loss     : 10.2882	 | 	Train Accuracy     : 0.4927	 | 	Train AUC : 0.5645


Pre-training Epoch : 17
Train Loss     : 10.1864	 | 	Train Accuracy     : 0.4927	 | 	Train AUC : 0.5677


Pre-training Epoch : 18
Train Loss     : 9.9518	 | 	Train Accuracy     : 0.4927	 | 	Train AUC : 0.5715


Pre-training Epoch : 19
Train Loss     : 9.7158	 | 	Train Accuracy     : 0.4927	 | 	Train AUC : 0.5724


Pre-training Epoch : 20
Train Loss     : 9.8178	 | 	Train Accuracy     : 0.4927	 | 	Train AUC : 0.5761


Pre-training Epoch : 21
Train Loss     : 9.5657	 | 	Train Accuracy     : 0.4927	 | 	Train AUC : 0.5810


Pre-training Epoch : 22
Train Loss     : 9.5227	 | 	Train Accuracy     : 0.4927	 | 	Train AUC : 0.5824


Pre-training Epoch : 23
Train Loss     : 9.4728	 | 	Train Accuracy     : 0.4927	 | 	Train AUC : 0.5872


Pre-training Epoch : 24
Train Loss     : 9.5033	 | 	Train Accuracy     : 0.4927	 | 	Train AUC : 0.5885


Pre-training Epoch : 25
Train Loss     : 9.2049	 | 	Train Accuracy     : 0.4928	 | 	Train AUC : 0.5861


Pre-training Epoch : 26
Train Loss     : 9.2241	 | 	Train Accuracy     : 0.4927	 | 	Train AUC : 0.5928


Pre-training Epoch : 27
Train Loss     : 9.2512	 | 	Train Accuracy     : 0.4938	 | 	Train AUC : 0.5934


Pre-training Epoch : 28
Train Loss     : 9.0733	 | 	Train Accuracy     : 0.4945	 | 	Train AUC : 0.6016


Pre-training Epoch : 29
Train Loss     : 9.1076	 | 	Train Accuracy     : 0.4946	 | 	Train AUC : 0.6068


Pre-training Epoch : 30
Train Loss     : 8.9404	 | 	Train Accuracy     : 0.4962	 | 	Train AUC : 0.6105


Pre-training Epoch : 31
Train Loss     : 8.8974	 | 	Train Accuracy     : 0.5004	 | 	Train AUC : 0.6115


Pre-training Epoch : 32
Train Loss     : 8.8391	 | 	Train Accuracy     : 0.4999	 | 	Train AUC : 0.6205


Pre-training Epoch : 33
Train Loss     : 8.7050	 | 	Train Accuracy     : 0.5045	 | 	Train AUC : 0.6256


Pre-training Epoch : 34
Train Loss     : 8.7594	 | 	Train Accuracy     : 0.5085	 | 	Train AUC : 0.6317


Pre-training Epoch : 35
Train Loss     : 8.7319	 | 	Train Accuracy     : 0.5090	 | 	Train AUC : 0.6330


Pre-training Epoch : 36
Train Loss     : 8.6476	 | 	Train Accuracy     : 0.5141	 | 	Train AUC : 0.6378


Pre-training Epoch : 37
Train Loss     : 8.4897	 | 	Train Accuracy     : 0.5145	 | 	Train AUC : 0.6383


Pre-training Epoch : 38
Train Loss     : 8.4611	 | 	Train Accuracy     : 0.5155	 | 	Train AUC : 0.6436


Pre-training Epoch : 39
Train Loss     : 8.3878	 | 	Train Accuracy     : 0.5185	 | 	Train AUC : 0.6486


Pre-training Epoch : 40
Train Loss     : 8.3913	 | 	Train Accuracy     : 0.5170	 | 	Train AUC : 0.6460


Pre-training Epoch : 41
Train Loss     : 8.2717	 | 	Train Accuracy     : 0.5182	 | 	Train AUC : 0.6508


Pre-training Epoch : 42
Train Loss     : 8.2954	 | 	Train Accuracy     : 0.5157	 | 	Train AUC : 0.6571


Pre-training Epoch : 43
Train Loss     : 8.2775	 | 	Train Accuracy     : 0.5205	 | 	Train AUC : 0.6568


Pre-training Epoch : 44
Train Loss     : 8.2116	 | 	Train Accuracy     : 0.5172	 | 	Train AUC : 0.6535


Pre-training Epoch : 45
Train Loss     : 8.2403	 | 	Train Accuracy     : 0.5201	 | 	Train AUC : 0.6609


Pre-training Epoch : 46
Train Loss     : 8.3270	 | 	Train Accuracy     : 0.5195	 | 	Train AUC : 0.6668


Pre-training Epoch : 47
Train Loss     : 8.2048	 | 	Train Accuracy     : 0.5242	 | 	Train AUC : 0.6710


Pre-training Epoch : 48
Train Loss     : 8.1502	 | 	Train Accuracy     : 0.5145	 | 	Train AUC : 0.6559


Pre-training Epoch : 49
Train Loss     : 8.2342	 | 	Train Accuracy     : 0.5231	 | 	Train AUC : 0.6726


Pre-training Epoch : 50
Train Loss     : 8.1617	 | 	Train Accuracy     : 0.5152	 | 	Train AUC : 0.6783


Pre-training Epoch : 51
Train Loss     : 8.1185	 | 	Train Accuracy     : 0.5151	 | 	Train AUC : 0.6612


Pre-training Epoch : 52
Train Loss     : 8.0797	 | 	Train Accuracy     : 0.5278	 | 	Train AUC : 0.6754


Pre-training Epoch : 53
Train Loss     : 8.1045	 | 	Train Accuracy     : 0.5163	 | 	Train AUC : 0.6862


Pre-training Epoch : 54
Train Loss     : 7.9726	 | 	Train Accuracy     : 0.5131	 | 	Train AUC : 0.6742


Pre-training Epoch : 55
Train Loss     : 8.0033	 | 	Train Accuracy     : 0.5307	 | 	Train AUC : 0.6740


Pre-training Epoch : 56
Train Loss     : 7.9547	 | 	Train Accuracy     : 0.5228	 | 	Train AUC : 0.6904


Pre-training Epoch : 57
Train Loss     : 7.8948	 | 	Train Accuracy     : 0.5062	 | 	Train AUC : 0.6761


Pre-training Epoch : 58
Train Loss     : 7.9428	 | 	Train Accuracy     : 0.5312	 | 	Train AUC : 0.6851


Pre-training Epoch : 59
Train Loss     : 7.8623	 | 	Train Accuracy     : 0.4964	 | 	Train AUC : 0.6893


Pre-training Epoch : 60
Train Loss     : 7.9217	 | 	Train Accuracy     : 0.5071	 | 	Train AUC : 0.6749


Pre-training Epoch : 61
Train Loss     : 7.8858	 | 	Train Accuracy     : 0.5239	 | 	Train AUC : 0.6859


Pre-training Epoch : 62
Train Loss     : 7.9188	 | 	Train Accuracy     : 0.5090	 | 	Train AUC : 0.6935


Pre-training Epoch : 63
Train Loss     : 7.8405	 | 	Train Accuracy     : 0.5227	 | 	Train AUC : 0.6844


Pre-training Epoch : 64
Train Loss     : 7.8023	 | 	Train Accuracy     : 0.5257	 | 	Train AUC : 0.6845


Pre-training Epoch : 65
Train Loss     : 7.8033	 | 	Train Accuracy     : 0.5299	 | 	Train AUC : 0.6976


Pre-training Epoch : 66
Train Loss     : 7.7734	 | 	Train Accuracy     : 0.5355	 | 	Train AUC : 0.6957


Pre-training Epoch : 67
Train Loss     : 7.7869	 | 	Train Accuracy     : 0.5316	 | 	Train AUC : 0.6913


Pre-training Epoch : 68
Train Loss     : 7.8221	 | 	Train Accuracy     : 0.5386	 | 	Train AUC : 0.6943


Pre-training Epoch : 69
Train Loss     : 7.8656	 | 	Train Accuracy     : 0.5419	 | 	Train AUC : 0.6971


Pre-training Epoch : 70
Train Loss     : 7.9740	 | 	Train Accuracy     : 0.5411	 | 	Train AUC : 0.6996


Pre-training Epoch : 71
Train Loss     : 7.9517	 | 	Train Accuracy     : 0.5417	 | 	Train AUC : 0.6988


Pre-training Epoch : 72
Train Loss     : 7.9338	 | 	Train Accuracy     : 0.5378	 | 	Train AUC : 0.7010


Pre-training Epoch : 73
Train Loss     : 7.9482	 | 	Train Accuracy     : 0.5349	 | 	Train AUC : 0.7010


Pre-training Epoch : 74
Train Loss     : 7.9294	 | 	Train Accuracy     : 0.5440	 | 	Train AUC : 0.7007


Pre-training Epoch : 75
Train Loss     : 7.9329	 | 	Train Accuracy     : 0.5231	 | 	Train AUC : 0.7031


Pre-training Epoch : 76
Train Loss     : 8.0157	 | 	Train Accuracy     : 0.5372	 | 	Train AUC : 0.7055


Pre-training Epoch : 77
Train Loss     : 7.8872	 | 	Train Accuracy     : 0.5403	 | 	Train AUC : 0.7029


Pre-training Epoch : 78
Train Loss     : 7.8670	 | 	Train Accuracy     : 0.5346	 | 	Train AUC : 0.6999


Pre-training Epoch : 79
Train Loss     : 7.6669	 | 	Train Accuracy     : 0.5347	 | 	Train AUC : 0.7003


Pre-training Epoch : 80
Train Loss     : 7.5362	 | 	Train Accuracy     : 0.5390	 | 	Train AUC : 0.7054


Pre-training Epoch : 81
Train Loss     : 7.4819	 | 	Train Accuracy     : 0.5354	 | 	Train AUC : 0.7068


Pre-training Epoch : 82
Train Loss     : 7.4373	 | 	Train Accuracy     : 0.5423	 | 	Train AUC : 0.7055


Pre-training Epoch : 83
Train Loss     : 7.4244	 | 	Train Accuracy     : 0.5412	 | 	Train AUC : 0.7047


Pre-training Epoch : 84
Train Loss     : 7.3935	 | 	Train Accuracy     : 0.5440	 | 	Train AUC : 0.7067


Pre-training Epoch : 85
Train Loss     : 7.3782	 | 	Train Accuracy     : 0.5410	 | 	Train AUC : 0.7114


Pre-training Epoch : 86
Train Loss     : 7.3820	 | 	Train Accuracy     : 0.5406	 | 	Train AUC : 0.7114


Pre-training Epoch : 87
Train Loss     : 7.3620	 | 	Train Accuracy     : 0.5474	 | 	Train AUC : 0.7115


Pre-training Epoch : 88
Train Loss     : 7.3750	 | 	Train Accuracy     : 0.5464	 | 	Train AUC : 0.7108


Pre-training Epoch : 89
Train Loss     : 7.3521	 | 	Train Accuracy     : 0.5446	 | 	Train AUC : 0.7135


Pre-training Epoch : 90
Train Loss     : 7.3507	 | 	Train Accuracy     : 0.5418	 | 	Train AUC : 0.7157


Pre-training Epoch : 91
Train Loss     : 7.3456	 | 	Train Accuracy     : 0.5465	 | 	Train AUC : 0.7149


Pre-training Epoch : 92
Train Loss     : 7.3290	 | 	Train Accuracy     : 0.5451	 | 	Train AUC : 0.7160


Pre-training Epoch : 93
Train Loss     : 7.3401	 | 	Train Accuracy     : 0.5460	 | 	Train AUC : 0.7178


Pre-training Epoch : 94
Train Loss     : 7.3161	 | 	Train Accuracy     : 0.5455	 | 	Train AUC : 0.7185


Pre-training Epoch : 95
Train Loss     : 7.3239	 | 	Train Accuracy     : 0.5454	 | 	Train AUC : 0.7178


Pre-training Epoch : 96
Train Loss     : 7.3075	 | 	Train Accuracy     : 0.5442	 | 	Train AUC : 0.7208


Pre-training Epoch : 97
Train Loss     : 7.3079	 | 	Train Accuracy     : 0.5485	 | 	Train AUC : 0.7191


Pre-training Epoch : 98
Train Loss     : 7.3036	 | 	Train Accuracy     : 0.5439	 | 	Train AUC : 0.7216


Pre-training Epoch : 99
Train Loss     : 7.3042	 | 	Train Accuracy     : 0.5497	 | 	Train AUC : 0.7253


Pre-training Epoch : 100
Train Loss     : 7.2859	 | 	Train Accuracy     : 0.5456	 | 	Train AUC : 0.7223


Pre-training Epoch : 101
Train Loss     : 7.2776	 | 	Train Accuracy     : 0.5495	 | 	Train AUC : 0.7265


Pre-training Epoch : 102
Train Loss     : 7.2819	 | 	Train Accuracy     : 0.5472	 | 	Train AUC : 0.7226


Pre-training Epoch : 103
Train Loss     : 7.2914	 | 	Train Accuracy     : 0.5496	 | 	Train AUC : 0.7278


Pre-training Epoch : 104
Train Loss     : 7.2850	 | 	Train Accuracy     : 0.5461	 | 	Train AUC : 0.7283


Pre-training Epoch : 105
Train Loss     : 7.2707	 | 	Train Accuracy     : 0.5514	 | 	Train AUC : 0.7267


Pre-training Epoch : 106
Train Loss     : 7.2641	 | 	Train Accuracy     : 0.5500	 | 	Train AUC : 0.7267


Pre-training Epoch : 107
Train Loss     : 7.2752	 | 	Train Accuracy     : 0.5487	 | 	Train AUC : 0.7303


Pre-training Epoch : 108
Train Loss     : 7.2691	 | 	Train Accuracy     : 0.5475	 | 	Train AUC : 0.7297


Pre-training Epoch : 109
Train Loss     : 7.2671	 | 	Train Accuracy     : 0.5520	 | 	Train AUC : 0.7301


Pre-training Epoch : 110
Train Loss     : 7.2551	 | 	Train Accuracy     : 0.5510	 | 	Train AUC : 0.7323


Pre-training Epoch : 111
Train Loss     : 7.2613	 | 	Train Accuracy     : 0.5482	 | 	Train AUC : 0.7353


Pre-training Epoch : 112
Train Loss     : 7.2599	 | 	Train Accuracy     : 0.5502	 | 	Train AUC : 0.7349


Pre-training Epoch : 113
Train Loss     : 7.2444	 | 	Train Accuracy     : 0.5563	 | 	Train AUC : 0.7328


Pre-training Epoch : 114
Train Loss     : 7.2569	 | 	Train Accuracy     : 0.5448	 | 	Train AUC : 0.7352


Pre-training Epoch : 115
Train Loss     : 7.2456	 | 	Train Accuracy     : 0.5527	 | 	Train AUC : 0.7374


Pre-training Epoch : 116
Train Loss     : 7.2333	 | 	Train Accuracy     : 0.5465	 | 	Train AUC : 0.7361


Pre-training Epoch : 117
Train Loss     : 7.2406	 | 	Train Accuracy     : 0.5570	 | 	Train AUC : 0.7349


Pre-training Epoch : 118
Train Loss     : 7.2378	 | 	Train Accuracy     : 0.5454	 | 	Train AUC : 0.7386


Pre-training Epoch : 119
Train Loss     : 7.2348	 | 	Train Accuracy     : 0.5551	 | 	Train AUC : 0.7393


Pre-training Epoch : 120
Train Loss     : 7.2387	 | 	Train Accuracy     : 0.5545	 | 	Train AUC : 0.7408


Pre-training Epoch : 121
Train Loss     : 7.2307	 | 	Train Accuracy     : 0.5503	 | 	Train AUC : 0.7393


Pre-training Epoch : 122
Train Loss     : 7.2218	 | 	Train Accuracy     : 0.5486	 | 	Train AUC : 0.7406


Pre-training Epoch : 123
Train Loss     : 7.2269	 | 	Train Accuracy     : 0.5550	 | 	Train AUC : 0.7404


Pre-training Epoch : 124
Train Loss     : 7.2232	 | 	Train Accuracy     : 0.5568	 | 	Train AUC : 0.7437


Pre-training Epoch : 125
Train Loss     : 7.2419	 | 	Train Accuracy     : 0.5501	 | 	Train AUC : 0.7443


Pre-training Epoch : 126
Train Loss     : 7.2251	 | 	Train Accuracy     : 0.5539	 | 	Train AUC : 0.7445


Pre-training Epoch : 127
Train Loss     : 7.2146	 | 	Train Accuracy     : 0.5580	 | 	Train AUC : 0.7423


Pre-training Epoch : 128
Train Loss     : 7.2050	 | 	Train Accuracy     : 0.5593	 | 	Train AUC : 0.7433


Pre-training Epoch : 129
Train Loss     : 7.2051	 | 	Train Accuracy     : 0.5566	 | 	Train AUC : 0.7467


Pre-training Epoch : 130
Train Loss     : 7.2042	 | 	Train Accuracy     : 0.5531	 | 	Train AUC : 0.7484


Pre-training Epoch : 131
Train Loss     : 7.2136	 | 	Train Accuracy     : 0.5582	 | 	Train AUC : 0.7476


Pre-training Epoch : 132
Train Loss     : 7.2012	 | 	Train Accuracy     : 0.5632	 | 	Train AUC : 0.7479


Pre-training Epoch : 133
Train Loss     : 7.2086	 | 	Train Accuracy     : 0.5589	 | 	Train AUC : 0.7485


Pre-training Epoch : 134
Train Loss     : 7.1883	 | 	Train Accuracy     : 0.5560	 | 	Train AUC : 0.7482


Pre-training Epoch : 135
Train Loss     : 7.1977	 | 	Train Accuracy     : 0.5598	 | 	Train AUC : 0.7507


Pre-training Epoch : 136
Train Loss     : 7.2007	 | 	Train Accuracy     : 0.5626	 | 	Train AUC : 0.7500


Pre-training Epoch : 137
Train Loss     : 7.1904	 | 	Train Accuracy     : 0.5633	 | 	Train AUC : 0.7494


Pre-training Epoch : 138
Train Loss     : 7.1996	 | 	Train Accuracy     : 0.5547	 | 	Train AUC : 0.7509


Pre-training Epoch : 139
Train Loss     : 7.1852	 | 	Train Accuracy     : 0.5591	 | 	Train AUC : 0.7536


Pre-training Epoch : 140
Train Loss     : 7.1994	 | 	Train Accuracy     : 0.5637	 | 	Train AUC : 0.7486


Pre-training Epoch : 141
Train Loss     : 7.1935	 | 	Train Accuracy     : 0.5651	 | 	Train AUC : 0.7541


Pre-training Epoch : 142
Train Loss     : 7.1773	 | 	Train Accuracy     : 0.5588	 | 	Train AUC : 0.7548


Pre-training Epoch : 143
Train Loss     : 7.1835	 | 	Train Accuracy     : 0.5667	 | 	Train AUC : 0.7551


Pre-training Epoch : 144
Train Loss     : 7.1805	 | 	Train Accuracy     : 0.5676	 | 	Train AUC : 0.7556


Pre-training Epoch : 145
Train Loss     : 7.1788	 | 	Train Accuracy     : 0.5608	 | 	Train AUC : 0.7528


Pre-training Epoch : 146
Train Loss     : 7.1710	 | 	Train Accuracy     : 0.5628	 | 	Train AUC : 0.7560


Pre-training Epoch : 147
Train Loss     : 7.1733	 | 	Train Accuracy     : 0.5612	 | 	Train AUC : 0.7591


Pre-training Epoch : 148
Train Loss     : 7.1799	 | 	Train Accuracy     : 0.5714	 | 	Train AUC : 0.7566


Pre-training Epoch : 149
Train Loss     : 7.1715	 | 	Train Accuracy     : 0.5555	 | 	Train AUC : 0.7587


Pre-training Epoch : 150
Train Loss     : 7.1734	 | 	Train Accuracy     : 0.5640	 | 	Train AUC : 0.7576


Pre-training Epoch : 151
Train Loss     : 7.1631	 | 	Train Accuracy     : 0.5628	 | 	Train AUC : 0.7584


Pre-training Epoch : 152
Train Loss     : 7.1600	 | 	Train Accuracy     : 0.5683	 | 	Train AUC : 0.7572


Pre-training Epoch : 153
Train Loss     : 7.1551	 | 	Train Accuracy     : 0.5578	 | 	Train AUC : 0.7593


Pre-training Epoch : 154
Train Loss     : 7.1661	 | 	Train Accuracy     : 0.5690	 | 	Train AUC : 0.7591


Pre-training Epoch : 155
Train Loss     : 7.1668	 | 	Train Accuracy     : 0.5683	 | 	Train AUC : 0.7610


Pre-training Epoch : 156
Train Loss     : 7.1541	 | 	Train Accuracy     : 0.5707	 | 	Train AUC : 0.7598


Pre-training Epoch : 157
Train Loss     : 7.1647	 | 	Train Accuracy     : 0.5584	 | 	Train AUC : 0.7629


Pre-training Epoch : 158
Train Loss     : 7.1585	 | 	Train Accuracy     : 0.5721	 | 	Train AUC : 0.7625


Pre-training Epoch : 159
Train Loss     : 7.1436	 | 	Train Accuracy     : 0.5685	 | 	Train AUC : 0.7608


Pre-training Epoch : 160
Train Loss     : 7.1594	 | 	Train Accuracy     : 0.5726	 | 	Train AUC : 0.7647


Pre-training Epoch : 161
Train Loss     : 7.1572	 | 	Train Accuracy     : 0.5614	 | 	Train AUC : 0.7595


Pre-training Epoch : 162
Train Loss     : 7.1646	 | 	Train Accuracy     : 0.5739	 | 	Train AUC : 0.7666


Pre-training Epoch : 163
Train Loss     : 7.1637	 | 	Train Accuracy     : 0.5618	 | 	Train AUC : 0.7585


Pre-training Epoch : 164
Train Loss     : 7.1493	 | 	Train Accuracy     : 0.5683	 | 	Train AUC : 0.7679


Pre-training Epoch : 165
Train Loss     : 7.1485	 | 	Train Accuracy     : 0.5646	 | 	Train AUC : 0.7644


Pre-training Epoch : 166
Train Loss     : 7.1474	 | 	Train Accuracy     : 0.5721	 | 	Train AUC : 0.7639


Pre-training Epoch : 167
Train Loss     : 7.1477	 | 	Train Accuracy     : 0.5713	 | 	Train AUC : 0.7684


Pre-training Epoch : 168
Train Loss     : 7.1384	 | 	Train Accuracy     : 0.5688	 | 	Train AUC : 0.7680


Pre-training Epoch : 169
Train Loss     : 7.1514	 | 	Train Accuracy     : 0.5668	 | 	Train AUC : 0.7700


Pre-training Epoch : 170
Train Loss     : 7.1302	 | 	Train Accuracy     : 0.5750	 | 	Train AUC : 0.7660


Pre-training Epoch : 171
Train Loss     : 7.1411	 | 	Train Accuracy     : 0.5757	 | 	Train AUC : 0.7731


Pre-training Epoch : 172
Train Loss     : 7.1472	 | 	Train Accuracy     : 0.5704	 | 	Train AUC : 0.7704


Pre-training Epoch : 173
Train Loss     : 7.1376	 | 	Train Accuracy     : 0.5654	 | 	Train AUC : 0.7710


Pre-training Epoch : 174
Train Loss     : 7.1283	 | 	Train Accuracy     : 0.5786	 | 	Train AUC : 0.7725


Pre-training Epoch : 175
Train Loss     : 7.1379	 | 	Train Accuracy     : 0.5740	 | 	Train AUC : 0.7701


Pre-training Epoch : 176
Train Loss     : 7.1403	 | 	Train Accuracy     : 0.5730	 | 	Train AUC : 0.7731


Pre-training Epoch : 177
Train Loss     : 7.1262	 | 	Train Accuracy     : 0.5647	 | 	Train AUC : 0.7717


Pre-training Epoch : 178
Train Loss     : 7.1326	 | 	Train Accuracy     : 0.5805	 | 	Train AUC : 0.7718


Pre-training Epoch : 179
Train Loss     : 7.1294	 | 	Train Accuracy     : 0.5770	 | 	Train AUC : 0.7752


Pre-training Epoch : 180
Train Loss     : 7.1428	 | 	Train Accuracy     : 0.5740	 | 	Train AUC : 0.7759


Pre-training Epoch : 181
Train Loss     : 7.1411	 | 	Train Accuracy     : 0.5714	 | 	Train AUC : 0.7749


Pre-training Epoch : 182
Train Loss     : 7.1129	 | 	Train Accuracy     : 0.5839	 | 	Train AUC : 0.7747


Pre-training Epoch : 183
Train Loss     : 7.1325	 | 	Train Accuracy     : 0.5792	 | 	Train AUC : 0.7773


Pre-training Epoch : 184
Train Loss     : 7.1298	 | 	Train Accuracy     : 0.5707	 | 	Train AUC : 0.7780


Pre-training Epoch : 185
Train Loss     : 7.1157	 | 	Train Accuracy     : 0.5739	 | 	Train AUC : 0.7758


Pre-training Epoch : 186
Train Loss     : 7.1121	 | 	Train Accuracy     : 0.5821	 | 	Train AUC : 0.7786


Pre-training Epoch : 187
Train Loss     : 7.1141	 | 	Train Accuracy     : 0.5806	 | 	Train AUC : 0.7746


Pre-training Epoch : 188
Train Loss     : 7.1171	 | 	Train Accuracy     : 0.5699	 | 	Train AUC : 0.7777


Pre-training Epoch : 189
Train Loss     : 7.1112	 | 	Train Accuracy     : 0.5776	 | 	Train AUC : 0.7789


Pre-training Epoch : 190
Train Loss     : 7.1195	 | 	Train Accuracy     : 0.5753	 | 	Train AUC : 0.7752


Pre-training Epoch : 191
Train Loss     : 7.1256	 | 	Train Accuracy     : 0.5816	 | 	Train AUC : 0.7814


Pre-training Epoch : 192
Train Loss     : 7.1247	 | 	Train Accuracy     : 0.5711	 | 	Train AUC : 0.7755


Pre-training Epoch : 193
Train Loss     : 7.1135	 | 	Train Accuracy     : 0.5814	 | 	Train AUC : 0.7823


Pre-training Epoch : 194
Train Loss     : 7.1123	 | 	Train Accuracy     : 0.5751	 | 	Train AUC : 0.7739


Pre-training Epoch : 195
Train Loss     : 7.1154	 | 	Train Accuracy     : 0.5860	 | 	Train AUC : 0.7841


Pre-training Epoch : 196
Train Loss     : 7.1107	 | 	Train Accuracy     : 0.5720	 | 	Train AUC : 0.7749


Pre-training Epoch : 197
Train Loss     : 7.1206	 | 	Train Accuracy     : 0.5762	 | 	Train AUC : 0.7826


Pre-training Epoch : 198
Train Loss     : 7.0940	 | 	Train Accuracy     : 0.5812	 | 	Train AUC : 0.7810


Pre-training Epoch : 199
Train Loss     : 7.1107	 | 	Train Accuracy     : 0.5893	 | 	Train AUC : 0.7839


Pre-training Epoch : 200
Train Loss     : 7.1005	 | 	Train Accuracy     : 0.5707	 | 	Train AUC : 0.7800


################## Training is Done! #########################
Training time is : 0:02:28.889522
